<?xml version="1.0" encoding="UTF-8"?>
<!-- Generated by org.testng.reporters.JUnitXMLReporter -->
<testsuite hostname="LAPTOP-PBEOGS79" name="testngTest" tests="3" failures="0" timestamp="2 Feb 2019 11:40:26 GMT" time="0.02" errors="0">
  <testcase name="method1" time="0.006" classname="ram.practicenew.Sometest1"/>
  <testcase name="method2" time="0.001" classname="ram.practicenew.Sometest2"/>
  <testcase name="method2" time="0.001" classname="ram.practicenew.TestCase1"/>
</testsuite> <!-- testngTest -->
