<?xml version="1.0" encoding="UTF-8"?>
<testng-results skipped="0" failed="0" total="3" passed="3">
  <reporter-output>
  </reporter-output>
  <suite name="softwaretestingmaterial" duration-ms="20" started-at="2019-02-02T11:40:26Z" finished-at="2019-02-02T11:40:26Z">
    <groups>
    </groups>
    <test name="testngTest" duration-ms="20" started-at="2019-02-02T11:40:26Z" finished-at="2019-02-02T11:40:26Z">
      <class name="ram.practicenew.Sometest1">
        <test-method status="PASS" signature="method1()[pri:0, instance:ram.practicenew.Sometest1@3f2a3a5]" name="method1" duration-ms="6" started-at="2019-02-02T17:10:26Z" finished-at="2019-02-02T17:10:26Z">
          <reporter-output>
          </reporter-output>
        </test-method> <!-- method1 -->
      </class> <!-- ram.practicenew.Sometest1 -->
      <class name="ram.practicenew.Sometest2">
        <test-method status="PASS" signature="method2()[pri:0, instance:ram.practicenew.Sometest2@26ba2a48]" name="method2" duration-ms="1" started-at="2019-02-02T17:10:26Z" finished-at="2019-02-02T17:10:26Z">
          <reporter-output>
          </reporter-output>
        </test-method> <!-- method2 -->
      </class> <!-- ram.practicenew.Sometest2 -->
      <class name="ram.practicenew.TestCase1">
        <test-method status="PASS" signature="method2()[pri:0, instance:ram.practicenew.TestCase1@4cb2c100]" name="method2" duration-ms="1" started-at="2019-02-02T17:10:26Z" finished-at="2019-02-02T17:10:26Z">
          <reporter-output>
          </reporter-output>
        </test-method> <!-- method2 -->
      </class> <!-- ram.practicenew.TestCase1 -->
    </test> <!-- testngTest -->
  </suite> <!-- softwaretestingmaterial -->
</testng-results>
